2021-11-08 16:46:07,103:INFO: -----------Starting Experiment------------
2021-11-08 16:46:51,237:INFO: -----------Starting Experiment------------
2021-11-08 16:48:19,919:INFO: -----------Starting Experiment------------
2021-11-08 16:50:10,432:INFO: -----------Starting Experiment------------
2021-11-08 16:53:20,213:INFO: -----------Starting Experiment------------
2021-11-08 16:53:35,563:INFO: -----------Starting Experiment------------
2021-11-08 16:53:39,207:INFO: 
Train for Epoch: 0/30
2021-11-08 16:54:31,645:INFO: -----------Starting Experiment------------
2021-11-08 16:54:35,388:INFO: 
Train for Epoch: 0/30
2021-11-08 16:58:15,815:INFO: -----------Starting Experiment------------
2021-11-08 16:58:19,416:INFO: 
Train for Epoch: 0/30
2021-11-08 20:04:07,621:INFO: -----------Starting Experiment------------
2021-11-08 20:04:11,627:INFO: 
Train for Epoch: 0/30
2021-11-08 20:56:26,676:INFO: -----------Starting Experiment------------
2021-11-08 20:57:36,260:INFO: -----------Starting Experiment------------
2021-11-08 21:22:00,127:INFO: -----------Starting Experiment------------
2021-11-08 21:34:16,817:INFO: 
Train for Epoch: 0/30
2021-11-10 14:21:11,279:INFO: -----------Starting Experiment------------
2021-11-10 14:27:05,363:INFO: -----------Starting Experiment------------
2021-11-10 14:28:18,901:INFO: -----------Starting Experiment------------
2021-11-10 14:29:59,743:INFO: -----------Starting Experiment------------
2021-11-10 14:32:02,137:INFO: -----------Starting Experiment------------
2021-11-10 14:48:11,497:INFO: -----------Starting Experiment------------
2021-11-10 14:50:04,092:INFO: -----------Starting Experiment------------
2021-11-10 14:52:42,334:INFO: -----------Starting Experiment------------
2021-11-10 14:54:19,875:INFO: -----------Starting Experiment------------
2021-11-10 14:56:55,644:INFO: -----------Starting Experiment------------
2021-11-10 14:58:07,435:INFO: -----------Starting Experiment------------
2021-11-10 15:00:42,703:INFO: -----------Starting Experiment------------
2021-11-10 15:01:52,450:INFO: 
Train for Epoch: 0/30
2021-11-10 15:03:49,285:INFO: -----------Starting Experiment------------
2021-11-10 15:04:06,009:INFO: 
Train for Epoch: 0/30
2021-11-10 15:05:13,912:INFO: -----------Starting Experiment------------
2021-11-10 15:05:49,469:INFO: 
Train for Epoch: 0/30
2021-11-10 15:08:41,626:INFO: -----------Starting Experiment------------
2021-11-10 15:10:17,926:INFO: -----------Starting Experiment------------
2021-11-10 15:10:34,259:INFO: 
Train for Epoch: 0/30
2021-11-10 15:13:49,733:INFO: -----------Starting Experiment------------
2021-11-10 15:14:06,351:INFO: 
Train for Epoch: 0/30
2021-11-10 15:27:52,640:INFO: -----------Starting Experiment------------
2021-11-10 15:28:11,402:INFO: 
Train for Epoch: 0/30
2021-11-10 15:29:50,264:INFO: -----------Starting Experiment------------
2021-11-10 15:30:06,649:INFO: 
Train for Epoch: 0/30
2021-11-10 15:31:02,852:INFO: -----------Starting Experiment------------
2021-11-10 15:31:19,447:INFO: 
Train for Epoch: 0/30
2021-11-10 15:44:52,591:INFO: -----------Starting Experiment------------
2021-11-10 15:45:07,316:INFO: 
Train for Epoch: 0/30
2021-11-10 15:49:32,234:INFO: -----------Starting Experiment------------
2021-11-10 15:50:25,221:INFO: 
Train for Epoch: 0/30
2021-11-10 15:53:50,152:INFO: -----------Starting Experiment------------
2021-11-10 15:55:17,716:INFO: 
Train for Epoch: 0/30
2021-11-10 15:55:36,928:INFO: -----------Starting Experiment------------
2021-11-10 15:56:07,423:INFO: 
Train for Epoch: 0/30
2021-11-10 15:57:31,081:INFO: -----------Starting Experiment------------
2021-11-10 15:57:45,042:INFO: 
Train for Epoch: 0/2
2021-11-10 15:58:48,354:INFO: -----------Starting Experiment------------
2021-11-10 15:59:05,660:INFO: 
Train for Epoch: 0/2
2021-11-10 16:00:23,212:INFO: -----------Starting Experiment------------
2021-11-10 16:00:40,462:INFO: 
Train for Epoch: 0/2
2021-11-10 16:01:43,042:INFO: -----------Starting Experiment------------
2021-11-10 16:01:59,822:INFO: 
Train for Epoch: 0/2
2021-11-10 16:07:00,064:INFO: -----------Starting Experiment------------
2021-11-10 16:10:37,297:INFO: -----------Starting Experiment------------
2021-11-10 16:12:02,689:INFO: 
Train for Epoch: 0/1
2021-11-10 16:13:07,748:INFO: -----------Starting Experiment------------
2021-11-10 16:13:24,520:INFO: 
Train for Epoch: 0/1
2021-11-10 16:13:39,057:INFO: -----------Starting Experiment------------
2021-11-10 16:14:55,124:INFO: 
Train for Epoch: 0/1
2021-11-10 16:22:14,966:INFO: -----------Starting Experiment------------
2021-11-10 16:22:33,661:INFO: 
Train for Epoch: 0/1
2021-11-10 16:23:51,012:INFO: -----------Starting Experiment------------
2021-11-10 16:24:05,178:INFO: 
Train for Epoch: 0/1
2021-11-10 16:25:38,506:INFO: -----------Starting Experiment------------
2021-11-10 16:25:54,970:INFO: 
Train for Epoch: 0/1
2021-11-10 16:27:11,554:INFO: -----------Starting Experiment------------
2021-11-10 16:33:45,743:INFO: -----------Starting Experiment------------
2021-11-10 16:41:28,828:INFO: -----------Starting Experiment------------
2021-11-10 16:41:46,873:INFO: 
Train for Epoch: 0/1
2021-11-10 16:48:24,057:INFO: Train Epoch: 0 LR: 0.00100 Avg Loss: 0.9401; Avg Acc: 56.8642
2021-11-10 16:48:24,058:INFO: 
Validate for Epoch: 0/1
2021-11-10 16:50:45,167:INFO: -----------Starting Experiment------------
2021-11-10 16:51:02,738:INFO: 
Train for Epoch: 0/1
2021-11-10 16:57:36,125:INFO: Train Epoch: 0 LR: 0.00100 Avg Loss: 0.9465; Avg Acc: 55.9709
2021-11-10 16:57:36,125:INFO: 
Validate for Epoch: 0/1
2021-11-10 16:57:45,545:INFO: Val Epoch: 0 Avg Loss: 1.0300 	 Avg Acc: 59.9100
2021-11-10 16:57:46,340:INFO: 
Evaluate test data with best ckpt
2021-11-10 16:58:05,198:INFO: Test: Avg Loss: 1.0316 	 Avg Acc: 59.5000
2021-11-10 16:58:05,201:INFO: -----------End of Experiment------------
2021-11-10 17:40:07,964:INFO: -----------Starting Experiment------------
2021-11-10 17:40:25,032:INFO: 
Train for Epoch: 0/1
2021-11-10 17:48:20,587:INFO: Train Epoch: 0 LR: 0.00100 Avg Loss: 0.9358; Avg Acc: 56.7309
2021-11-10 17:48:20,587:INFO: 
Validate for Epoch: 0/1
2021-11-10 17:48:32,966:INFO: Val Epoch: 0 Avg Loss: 0.8984 	 Avg Acc: 63.9750
2021-11-10 17:48:34,255:INFO: 
Evaluate test data with best ckpt
2021-11-10 17:48:58,631:INFO: Test: Avg Loss: 0.9042 	 Avg Acc: 63.6075
2021-11-10 17:48:58,636:INFO: -----------End of Experiment------------
2021-11-10 21:31:18,685:INFO: -----------Starting Experiment------------
2021-11-10 21:32:26,318:INFO: -----------Starting Experiment------------
2021-11-10 21:39:14,866:INFO: -----------Starting Experiment------------
